<?xml version="1.0" encoding="utf-8"?><testsuites name="pytest tests"><testsuite name="pytest" errors="0" failures="0" skipped="0" tests="27" time="2.240" timestamp="2026-08-13T11:50:24.115394+00:00" hostname="agent-env-3b9842d8-6eb2-45b9-b09d-4128467aa618"><testcase classname="backend.tests.test_new_features.TestDepartments" name="test_create_department" time="0.702" /><testcase classname="backend.tests.test_new_features.TestDepartments" name="test_list_departments_contains_created" time="0.049" /><testcase classname="backend.tests.test_new_features.TestEmployees" name="test_create_employee" time="0.047" /><testcase classname="backend.tests.test_new_features.TestEmployees" name="test_duplicate_code_rejected" time="0.046" /><testcase classname="backend.tests.test_new_features.TestEmployees" name="test_get_employee_has_department_name" time="0.048" /><testcase classname="backend.tests.test_new_features.TestEmployees" name="test_search_by_code" time="0.054" /><testcase classname="backend.tests.test_new_features.TestEmployees" name="test_search_by_name" time="0.053" /><testcase classname="backend.tests.test_new_features.TestEmployees" name="test_filter_by_department" time="0.049" /><testcase classname="backend.tests.test_new_features.TestEmployees" name="test_update_employee" time="0.048" /><testcase classname="backend.tests.test_new_features.TestAssetsSearch" name="test_create_asset" time="0.071" /><testcase classname="backend.tests.test_new_features.TestAssetsSearch" name="test_search_by_serial" time="0.047" /><testcase classname="backend.tests.test_new_features.TestAssetsSearch" name="test_search_by_mac" time="0.051" /><testcase classname="backend.tests.test_new_features.TestAssetsSearch" name="test_search_by_name" time="0.047" /><testcase classname="backend.tests.test_new_features.TestDeliveries" name="test_create_delivery_with_employee" time="0.066" /><testcase classname="backend.tests.test_new_features.TestDeliveries" name="test_asset_status_is_assigned" time="0.046" /><testcase classname="backend.tests.test_new_features.TestDeliveries" name="test_list_deliveries_search_by_employee_code" time="0.051" /><testcase classname="backend.tests.test_new_features.TestDeliveries" name="test_create_return_and_asset_freed" time="0.109" /><testcase classname="backend.tests.test_new_features.TestDeliveries" name="test_cannot_delete_employee_when_no_active_delivery" time="0.046" /><testcase classname="backend.tests.test_new_features.TestReports" name="test_categories_endpoint" time="0.047" /><testcase classname="backend.tests.test_new_features.TestReports" name="test_preview_deliveries_by_employee_date_requires_date" time="0.047" /><testcase classname="backend.tests.test_new_features.TestReports" name="test_preview_assets_by_status" time="0.046" /><testcase classname="backend.tests.test_new_features.TestReports" name="test_preview_assignment_history" time="0.047" /><testcase classname="backend.tests.test_new_features.TestReports" name="test_export_xlsx" time="0.062" /><testcase classname="backend.tests.test_new_features.TestReports" name="test_export_pdf" time="0.053" /><testcase classname="backend.tests.test_new_features.TestReports" name="test_export_invalid_category" time="0.050" /><testcase classname="backend.tests.test_new_features.TestReports" name="test_export_invalid_format" time="0.045" /><testcase classname="backend.tests.test_new_features.TestZCleanup" name="test_cleanup" time="0.112" /></testsuite></testsuites>